<?xml version="1.0" encoding="UTF-8"?>
<!-- Generated by org.testng.reporters.JUnitReportReporter -->
<testsuite skipped="0" hostname="DESKTOP-4VEJF42" name="crmTest.LoginTest" tests="1" failures="0" timestamp="16 Sep 2020 03:40:32 GMT" time="14.177" errors="0">
  <testcase name="loginTest1" time="14.177" classname="crmTest.LoginTest"/>
</testsuite> <!-- crmTest.LoginTest -->
